{"C:\\Users\\FlorianCartier\\Documents\\workspace\\stock-trader-v2\\src\\components\\keystats\\KeyStats.tsx": {"path":"C:\\Users\\FlorianCartier\\Documents\\workspace\\stock-trader-v2\\src\\components\\keystats\\KeyStats.tsx","statementMap":{"0":{"start":{"line":1,"column":0},"end":{"line":1,"column":30}},"1":{"start":{"line":2,"column":0},"end":{"line":2,"column":58}},"2":{"start":{"line":17,"column":44},"end":{"line":59,"column":1}},"3":{"start":{"line":18,"column":2},"end":{"line":58,"column":10}},"4":{"start":{"line":61,"column":0},"end":{"line":61,"column":24}}},"fnMap":{"0":{"name":"(anonymous_0)","decl":{"start":{"line":17,"column":44},"end":{"line":17,"column":45}},"loc":{"start":{"line":17,"column":59},"end":{"line":59,"column":1}}}},"branchMap":{"0":{"loc":{"start":{"line":19,"column":4},"end":{"line":57,"column":10}},"type":"cond-expr","locations":[{"start":{"line":19,"column":4},"end":{"line":57,"column":10}},{"start":{"line":58,"column":6},"end":{"line":58,"column":10}}]}},"s":{"0":1,"1":1,"2":1,"3":1,"4":1},"f":{"0":1},"b":{"0":[1,0]}}
,"C:\\Users\\FlorianCartier\\Documents\\workspace\\stock-trader-v2\\src\\components\\keystats\\__data__\\keyStats.data.ts": {"path":"C:\\Users\\FlorianCartier\\Documents\\workspace\\stock-trader-v2\\src\\components\\keystats\\__data__\\keyStats.data.ts","statementMap":{"0":{"start":{"line":1,"column":13},"end":{"line":10,"column":1}}},"fnMap":{},"branchMap":{},"s":{"0":1},"f":{},"b":{}}
,"C:\\Users\\FlorianCartier\\Documents\\workspace\\stock-trader-v2\\src\\components\\overview\\Overview.tsx": {"path":"C:\\Users\\FlorianCartier\\Documents\\workspace\\stock-trader-v2\\src\\components\\overview\\Overview.tsx","statementMap":{"0":{"start":{"line":1,"column":0},"end":{"line":1,"column":30}},"1":{"start":{"line":2,"column":0},"end":{"line":2,"column":57}},"2":{"start":{"line":12,"column":44},"end":{"line":25,"column":1}},"3":{"start":{"line":13,"column":2},"end":{"line":24,"column":11}},"4":{"start":{"line":27,"column":0},"end":{"line":27,"column":24}}},"fnMap":{"0":{"name":"(anonymous_0)","decl":{"start":{"line":12,"column":44},"end":{"line":12,"column":45}},"loc":{"start":{"line":12,"column":59},"end":{"line":25,"column":1}}}},"branchMap":{"0":{"loc":{"start":{"line":14,"column":4},"end":{"line":23,"column":10}},"type":"cond-expr","locations":[{"start":{"line":14,"column":4},"end":{"line":23,"column":10}},{"start":{"line":24,"column":6},"end":{"line":24,"column":10}}]},"1":{"loc":{"start":{"line":13,"column":11},"end":{"line":13,"column":41}},"type":"binary-expr","locations":[{"start":{"line":13,"column":11},"end":{"line":13,"column":41}},{"start":{"line":13,"column":45},"end":{"line":13,"column":71}}]}},"s":{"0":1,"1":1,"2":1,"3":1,"4":1},"f":{"0":1},"b":{"0":[1,0],"1":[1,1]}}
,"C:\\Users\\FlorianCartier\\Documents\\workspace\\stock-trader-v2\\src\\components\\overview\\__tests__\\overview.data.ts": {"path":"C:\\Users\\FlorianCartier\\Documents\\workspace\\stock-trader-v2\\src\\components\\overview\\__tests__\\overview.data.ts","statementMap":{"0":{"start":{"line":1,"column":13},"end":{"line":16,"column":1}}},"fnMap":{},"branchMap":{},"s":{"0":1},"f":{},"b":{}}
,"C:\\Users\\FlorianCartier\\Documents\\workspace\\stock-trader-v2\\src\\components\\price\\Price.tsx": {"path":"C:\\Users\\FlorianCartier\\Documents\\workspace\\stock-trader-v2\\src\\components\\price\\Price.tsx","statementMap":{"0":{"start":{"line":1,"column":0},"end":{"line":1,"column":30}},"1":{"start":{"line":13,"column":38},"end":{"line":36,"column":1}},"2":{"start":{"line":14,"column":2},"end":{"line":35,"column":4}},"3":{"start":{"line":38,"column":19},"end":{"line":40,"column":1}},"4":{"start":{"line":39,"column":2},"end":{"line":39,"column":50}},"5":{"start":{"line":43,"column":0},"end":{"line":43,"column":21}}},"fnMap":{"0":{"name":"(anonymous_0)","decl":{"start":{"line":13,"column":38},"end":{"line":13,"column":39}},"loc":{"start":{"line":13,"column":52},"end":{"line":36,"column":1}}},"1":{"name":"(anonymous_1)","decl":{"start":{"line":38,"column":19},"end":{"line":38,"column":20}},"loc":{"start":{"line":38,"column":37},"end":{"line":40,"column":1}}}},"branchMap":{"0":{"loc":{"start":{"line":15,"column":4},"end":{"line":24,"column":10}},"type":"cond-expr","locations":[{"start":{"line":15,"column":4},"end":{"line":24,"column":10}},{"start":{"line":26,"column":4},"end":{"line":34,"column":10}}]},"1":{"loc":{"start":{"line":29,"column":8},"end":{"line":32,"column":14}},"type":"cond-expr","locations":[{"start":{"line":29,"column":8},"end":{"line":32,"column":14}},{"start":{"line":33,"column":10},"end":{"line":33,"column":14}}]},"2":{"loc":{"start":{"line":39,"column":21},"end":{"line":39,"column":33}},"type":"cond-expr","locations":[{"start":{"line":39,"column":21},"end":{"line":39,"column":33}},{"start":{"line":39,"column":36},"end":{"line":39,"column":49}}]}},"s":{"0":1,"1":1,"2":1,"3":1,"4":1,"5":1},"f":{"0":1,"1":1},"b":{"0":[1,0],"1":[0,0],"2":[0,1]}}
,"C:\\Users\\FlorianCartier\\Documents\\workspace\\stock-trader-v2\\src\\components\\price\\__data__\\price.data.ts": {"path":"C:\\Users\\FlorianCartier\\Documents\\workspace\\stock-trader-v2\\src\\components\\price\\__data__\\price.data.ts","statementMap":{"0":{"start":{"line":1,"column":13},"end":{"line":7,"column":2}}},"fnMap":{},"branchMap":{},"s":{"0":1},"f":{},"b":{}}
,"C:\\Users\\FlorianCartier\\Documents\\workspace\\stock-trader-v2\\src\\components\\reusables\\SectionHeader.tsx": {"path":"C:\\Users\\FlorianCartier\\Documents\\workspace\\stock-trader-v2\\src\\components\\reusables\\SectionHeader.tsx","statementMap":{"0":{"start":{"line":1,"column":0},"end":{"line":1,"column":25}},"1":{"start":{"line":7,"column":13},"end":{"line":13,"column":1}},"2":{"start":{"line":8,"column":4},"end":{"line":12,"column":5}}},"fnMap":{"0":{"name":"(anonymous_0)","decl":{"start":{"line":7,"column":60},"end":{"line":7,"column":61}},"loc":{"start":{"line":7,"column":70},"end":{"line":13,"column":1}}}},"branchMap":{},"s":{"0":2,"1":2,"2":0},"f":{"0":0},"b":{}}
}
