TN:
SF:C:\Users\FlorianCartier\Documents\workspace\stock-trader-v2\src\components\keystats\KeyStats.tsx
FN:17,(anonymous_0)
FNF:1
FNH:1
FNDA:1,(anonymous_0)
DA:1,1
DA:2,1
DA:17,1
DA:18,1
DA:61,1
LF:5
LH:5
BRDA:19,0,0,1
BRDA:19,0,1,0
BRF:2
BRH:1
end_of_record
TN:
SF:C:\Users\FlorianCartier\Documents\workspace\stock-trader-v2\src\components\keystats\__data__\keyStats.data.ts
FNF:0
FNH:0
DA:1,1
LF:1
LH:1
BRF:0
BRH:0
end_of_record
TN:
SF:C:\Users\FlorianCartier\Documents\workspace\stock-trader-v2\src\components\overview\Overview.tsx
FN:12,(anonymous_0)
FNF:1
FNH:1
FNDA:1,(anonymous_0)
DA:1,1
DA:2,1
DA:12,1
DA:13,1
DA:27,1
LF:5
LH:5
BRDA:14,0,0,1
BRDA:14,0,1,0
BRDA:13,1,0,1
BRDA:13,1,1,1
BRF:4
BRH:3
end_of_record
TN:
SF:C:\Users\FlorianCartier\Documents\workspace\stock-trader-v2\src\components\overview\__tests__\overview.data.ts
FNF:0
FNH:0
DA:1,1
LF:1
LH:1
BRF:0
BRH:0
end_of_record
TN:
SF:C:\Users\FlorianCartier\Documents\workspace\stock-trader-v2\src\components\price\Price.tsx
FN:13,(anonymous_0)
FN:38,(anonymous_1)
FNF:2
FNH:2
FNDA:1,(anonymous_0)
FNDA:1,(anonymous_1)
DA:1,1
DA:13,1
DA:14,1
DA:38,1
DA:39,1
DA:43,1
LF:6
LH:6
BRDA:15,0,0,1
BRDA:15,0,1,0
BRDA:29,1,0,0
BRDA:29,1,1,0
BRDA:39,2,0,0
BRDA:39,2,1,1
BRF:6
BRH:2
end_of_record
TN:
SF:C:\Users\FlorianCartier\Documents\workspace\stock-trader-v2\src\components\price\__data__\price.data.ts
FNF:0
FNH:0
DA:1,1
LF:1
LH:1
BRF:0
BRH:0
end_of_record
TN:
SF:C:\Users\FlorianCartier\Documents\workspace\stock-trader-v2\src\components\reusables\SectionHeader.tsx
FN:7,(anonymous_0)
FNF:1
FNH:0
FNDA:0,(anonymous_0)
DA:1,2
DA:7,2
DA:8,0
LF:3
LH:2
BRF:0
BRH:0
end_of_record
